Flow report for ABS
Fri Feb 07 14:07:36 2014
Quartus II 64-Bit Version 12.1 Build 243 01/31/2013 Service Pack 1 SJ Full Version


---------------------
; Table of Contents ;
---------------------
  1. Legal Notice
  2. Flow Summary
  3. Flow Settings
  4. Flow Non-Default Global Settings
  5. Flow Elapsed Time
  6. Flow OS Summary
  7. Flow Log



----------------
; Legal Notice ;
----------------
Copyright (C) 1991-2012 Altera Corporation
Your use of Altera Corporation's design tools, logic functions 
and other software and tools, and its AMPP partner logic 
functions, and any output files from any of the foregoing 
(including device programming or simulation files), and any 
associated documentation or information are expressly subject 
to the terms and conditions of the Altera Program License 
Subscription Agreement, Altera MegaCore Function License 
Agreement, or other applicable license agreement, including, 
without limitation, that your use is for the sole purpose of 
programming logic devices manufactured by Altera and sold by 
Altera or its authorized distributors.  Please refer to the 
applicable agreement for further details.



+-------------------------------------------------------------------------------------+
; Flow Summary                                                                        ;
+------------------------------------+------------------------------------------------+
; Flow Status                        ; Successful - Fri Feb 07 14:07:36 2014          ;
; Quartus II 64-Bit Version          ; 12.1 Build 243 01/31/2013 SP 1 SJ Full Version ;
; Revision Name                      ; ABS                                            ;
; Top-level Entity Name              ; absMain                                        ;
; Family                             ; Cyclone IV E                                   ;
; Device                             ; EP4CE22F17C6                                   ;
; Timing Models                      ; Final                                          ;
; Total logic elements               ; 2,305 / 22,320 ( 10 % )                        ;
;     Total combinational functions  ; 2,054 / 22,320 ( 9 % )                         ;
;     Dedicated logic registers      ; 1,149 / 22,320 ( 5 % )                         ;
; Total registers                    ; 1149                                           ;
; Total pins                         ; 27 / 154 ( 18 % )                              ;
; Total virtual pins                 ; 0                                              ;
; Total memory bits                  ; 262,144 / 608,256 ( 43 % )                     ;
; Embedded Multiplier 9-bit elements ; 0 / 132 ( 0 % )                                ;
; Total PLLs                         ; 0 / 4 ( 0 % )                                  ;
+------------------------------------+------------------------------------------------+


+-----------------------------------------+
; Flow Settings                           ;
+-------------------+---------------------+
; Option            ; Setting             ;
+-------------------+---------------------+
; Start date & time ; 02/07/2014 14:00:11 ;
; Main task         ; Compilation         ;
; Revision Name     ; ABS                 ;
+-------------------+---------------------+


+--------------------------------------------------------------------------------------------------------------------------------------------+
; Flow Non-Default Global Settings                                                                                                           ;
+----------------------------------------+---------------------------------+---------------+-------------+-----------------------------------+
; Assignment Name                        ; Value                           ; Default Value ; Entity Name ; Section Id                        ;
+----------------------------------------+---------------------------------+---------------+-------------+-----------------------------------+
; COMPILER_SIGNATURE_ID                  ; 61959095981454.139177801103512  ; --            ; --          ; --                                ;
; EDA_BOARD_DESIGN_BOUNDARY_SCAN_TOOL    ; BSDL (Boundary Scan)            ; <None>        ; --          ; --                                ;
; EDA_BOARD_DESIGN_SIGNAL_INTEGRITY_TOOL ; HSPICE (Signal Integrity)       ; <None>        ; --          ; --                                ;
; EDA_BOARD_DESIGN_SYMBOL_TOOL           ; FPGA Xchange (Symbol)           ; <None>        ; --          ; --                                ;
; EDA_BOARD_DESIGN_TIMING_TOOL           ; Stamp (Timing)                  ; <None>        ; --          ; --                                ;
; EDA_DESIGN_ENTRY_SYNTHESIS_TOOL        ; Design Compiler                 ; <None>        ; --          ; --                                ;
; EDA_DESIGN_INSTANCE_NAME               ; absMain_vhd_tst                 ; --            ; --          ; absMain_vhd_tst                   ;
; EDA_INPUT_DATA_FORMAT                  ; Vhdl                            ; --            ; --          ; eda_design_synthesis              ;
; EDA_INPUT_VCC_NAME                     ; Vdd                             ; --            ; --          ; eda_design_synthesis              ;
; EDA_LMF_FILE                           ; altsyn.lmf                      ; --            ; --          ; eda_design_synthesis              ;
; EDA_NATIVELINK_SIMULATION_TEST_BENCH   ; absMain_vhd_tst                 ; --            ; --          ; eda_simulation                    ;
; EDA_OUTPUT_DATA_FORMAT                 ; Vhdl                            ; --            ; --          ; eda_simulation                    ;
; EDA_OUTPUT_DATA_FORMAT                 ; Stamp                           ; --            ; --          ; eda_board_design_timing           ;
; EDA_OUTPUT_DATA_FORMAT                 ; Fpga Xchange                    ; --            ; --          ; eda_board_design_symbol           ;
; EDA_OUTPUT_DATA_FORMAT                 ; Hspice                          ; --            ; --          ; eda_board_design_signal_integrity ;
; EDA_OUTPUT_DATA_FORMAT                 ; Bsdl                            ; --            ; --          ; eda_board_design_boundary_scan    ;
; EDA_SIMULATION_TOOL                    ; ModelSim-Altera (VHDL)          ; <None>        ; --          ; --                                ;
; EDA_TEST_BENCH_ENABLE_STATUS           ; TEST_BENCH_MODE                 ; --            ; --          ; eda_simulation                    ;
; EDA_TEST_BENCH_FILE                    ; simulation/modelsim/absMain.vht ; --            ; --          ; absMain_vhd_tst                   ;
; EDA_TEST_BENCH_MODULE_NAME             ; absMain_vhd_tst                 ; --            ; --          ; absMain_vhd_tst                   ;
; EDA_TEST_BENCH_NAME                    ; absMain_vhd_tst                 ; --            ; --          ; eda_simulation                    ;
; MAX_CORE_JUNCTION_TEMP                 ; 85                              ; --            ; --          ; --                                ;
; MIN_CORE_JUNCTION_TEMP                 ; 0                               ; --            ; --          ; --                                ;
; NOMINAL_CORE_SUPPLY_VOLTAGE            ; 1.2V                            ; --            ; --          ; --                                ;
; PARTITION_COLOR                        ; 16764057                        ; --            ; absMain     ; Top                               ;
; PARTITION_FITTER_PRESERVATION_LEVEL    ; PLACEMENT_AND_ROUTING           ; --            ; absMain     ; Top                               ;
; PARTITION_NETLIST_TYPE                 ; SOURCE                          ; --            ; absMain     ; Top                               ;
; PROJECT_OUTPUT_DIRECTORY               ; output_files                    ; --            ; --          ; --                                ;
; TOP_LEVEL_ENTITY                       ; absMain                         ; ABS           ; --          ; --                                ;
+----------------------------------------+---------------------------------+---------------+-------------+-----------------------------------+


+-------------------------------------------------------------------------------------------------------------------------------+
; Flow Elapsed Time                                                                                                             ;
+---------------------------+--------------+-------------------------+---------------------+------------------------------------+
; Module Name               ; Elapsed Time ; Average Processors Used ; Peak Virtual Memory ; Total CPU Time (on all processors) ;
+---------------------------+--------------+-------------------------+---------------------+------------------------------------+
; Analysis & Synthesis      ; 00:02:12     ; 1.0                     ; 547 MB              ; 00:01:12                           ;
; Fitter                    ; 00:03:09     ; 1.5                     ; 829 MB              ; 00:02:14                           ;
; Assembler                 ; 00:00:16     ; 1.0                     ; 418 MB              ; 00:00:09                           ;
; TimeQuest Timing Analyzer ; 00:00:35     ; 1.3                     ; 522 MB              ; 00:00:20                           ;
; EDA Netlist Writer        ; 00:00:41     ; 1.0                     ; 426 MB              ; 00:00:23                           ;
; Total                     ; 00:06:53     ; --                      ; --                  ; 00:04:18                           ;
+---------------------------+--------------+-------------------------+---------------------+------------------------------------+


+----------------------------------------------------------------------------------------+
; Flow OS Summary                                                                        ;
+---------------------------+------------------+-----------+------------+----------------+
; Module Name               ; Machine Hostname ; OS Name   ; OS Version ; Processor type ;
+---------------------------+------------------+-----------+------------+----------------+
; Analysis & Synthesis      ; JSE-Thinkpad     ; Windows 7 ; 6.1        ; x86_64         ;
; Fitter                    ; JSE-Thinkpad     ; Windows 7 ; 6.1        ; x86_64         ;
; Assembler                 ; JSE-Thinkpad     ; Windows 7 ; 6.1        ; x86_64         ;
; TimeQuest Timing Analyzer ; JSE-Thinkpad     ; Windows 7 ; 6.1        ; x86_64         ;
; EDA Netlist Writer        ; JSE-Thinkpad     ; Windows 7 ; 6.1        ; x86_64         ;
+---------------------------+------------------+-----------+------------+----------------+


------------
; Flow Log ;
------------
quartus_map --read_settings_files=on --write_settings_files=off ABS -c ABS
quartus_fit --read_settings_files=off --write_settings_files=off ABS -c ABS
quartus_asm --read_settings_files=off --write_settings_files=off ABS -c ABS
quartus_sta ABS -c ABS
quartus_eda --read_settings_files=off --write_settings_files=off ABS -c ABS



