EDA Netlist Writer report for ABS
Fri Feb 07 14:07:36 2014
Quartus II 64-Bit Version 12.1 Build 243 01/31/2013 Service Pack 1 SJ Full Version


---------------------
; Table of Contents ;
---------------------
  1. Legal Notice
  2. EDA Netlist Writer Summary
  3. Simulation Settings
  4. Simulation Generated Files
  5. Board-Level Settings
  6. Board-Level Generated Files
  7. EDA Netlist Writer Messages



----------------
; Legal Notice ;
----------------
Copyright (C) 1991-2012 Altera Corporation
Your use of Altera Corporation's design tools, logic functions 
and other software and tools, and its AMPP partner logic 
functions, and any output files from any of the foregoing 
(including device programming or simulation files), and any 
associated documentation or information are expressly subject 
to the terms and conditions of the Altera Program License 
Subscription Agreement, Altera MegaCore Function License 
Agreement, or other applicable license agreement, including, 
without limitation, that your use is for the sole purpose of 
programming logic devices manufactured by Altera and sold by 
Altera or its authorized distributors.  Please refer to the 
applicable agreement for further details.



+-------------------------------------------------------------------------------+
; EDA Netlist Writer Summary                                                    ;
+---------------------------------------+---------------------------------------+
; EDA Netlist Writer Status             ; Successful - Fri Feb 07 14:07:36 2014 ;
; Revision Name                         ; ABS                                   ;
; Top-level Entity Name                 ; absMain                               ;
; Family                                ; Cyclone IV E                          ;
; Simulation Files Creation             ; Successful                            ;
; Board Signal Integrity Files Creation ; Successful                            ;
; Board Timing Analysis Files Creation  ; Successful                            ;
; Board Boundary Scan Files Creation    ; Successful                            ;
+---------------------------------------+---------------------------------------+


+----------------------------------------------------------------------------------------------------------------------------+
; Simulation Settings                                                                                                        ;
+---------------------------------------------------------------------------------------------------+------------------------+
; Option                                                                                            ; Setting                ;
+---------------------------------------------------------------------------------------------------+------------------------+
; Tool Name                                                                                         ; ModelSim-Altera (VHDL) ;
; Generate netlist for functional simulation only                                                   ; Off                    ;
; Time scale                                                                                        ; 1 ps                   ;
; Truncate long hierarchy paths                                                                     ; Off                    ;
; Map illegal HDL characters                                                                        ; Off                    ;
; Flatten buses into individual nodes                                                               ; Off                    ;
; Maintain hierarchy                                                                                ; Off                    ;
; Bring out device-wide set/reset signals as ports                                                  ; Off                    ;
; Enable glitch filtering                                                                           ; Off                    ;
; Do not write top level VHDL entity                                                                ; Off                    ;
; Disable detection of setup and hold time violations in the input registers of bi-directional pins ; Off                    ;
; Architecture name in VHDL output netlist                                                          ; structure              ;
; Generate third-party EDA tool command script for RTL functional simulation                        ; Off                    ;
; Generate third-party EDA tool command script for gate-level simulation                            ; Off                    ;
+---------------------------------------------------------------------------------------------------+------------------------+


+----------------------------------------------------------------------------------------------------------------------------------------------------+
; Simulation Generated Files                                                                                                                         ;
+----------------------------------------------------------------------------------------------------------------------------------------------------+
; Generated Files                                                                                                                                    ;
+----------------------------------------------------------------------------------------------------------------------------------------------------+
; C:/Users/Johannes/Documents/Uni/Modellbildung - Systemidentifikation/Projekt/ABS_higherDataRate/simulation/modelsim/ABS_6_1200mv_85c_slow.vho      ;
; C:/Users/Johannes/Documents/Uni/Modellbildung - Systemidentifikation/Projekt/ABS_higherDataRate/simulation/modelsim/ABS_6_1200mv_0c_slow.vho       ;
; C:/Users/Johannes/Documents/Uni/Modellbildung - Systemidentifikation/Projekt/ABS_higherDataRate/simulation/modelsim/ABS_min_1200mv_0c_fast.vho     ;
; C:/Users/Johannes/Documents/Uni/Modellbildung - Systemidentifikation/Projekt/ABS_higherDataRate/simulation/modelsim/ABS.vho                        ;
; C:/Users/Johannes/Documents/Uni/Modellbildung - Systemidentifikation/Projekt/ABS_higherDataRate/simulation/modelsim/ABS_6_1200mv_85c_vhd_slow.sdo  ;
; C:/Users/Johannes/Documents/Uni/Modellbildung - Systemidentifikation/Projekt/ABS_higherDataRate/simulation/modelsim/ABS_6_1200mv_0c_vhd_slow.sdo   ;
; C:/Users/Johannes/Documents/Uni/Modellbildung - Systemidentifikation/Projekt/ABS_higherDataRate/simulation/modelsim/ABS_min_1200mv_0c_vhd_fast.sdo ;
; C:/Users/Johannes/Documents/Uni/Modellbildung - Systemidentifikation/Projekt/ABS_higherDataRate/simulation/modelsim/ABS_vhd.sdo                    ;
+----------------------------------------------------------------------------------------------------------------------------------------------------+


+-----------------------------------------+
; Board-Level Settings                    ;
+-------------------------------+---------+
; Option                        ; Setting ;
+-------------------------------+---------+
; Board Signal Integrity Format ; HSPICE  ;
; Board Timing Analysis Format  ; STAMP   ;
; Board Boundary Scan Format    ; BSDL    ;
+-------------------------------+---------+


+------------------------------------------------------------------------------------------------------------------------------------------------------------------------------------------------------------------------------------------------------------------+
; Board-Level Generated Files                                                                                                                                                                                                                                      ;
+------------------------------------------------------------------------------------------------------------------------------------------------------------------------------------------------------------------------------------------------------------------+
; Generated Files                                                                                                                                                                                                                                                  ;
+------------------------------------------------------------------------------------------------------------------------------------------------------------------------------------------------------------------------------------------------------------------+
; Board Signal Integrity                                                                                                                                                                                                                                           ;
;     C:/Users/Johannes/Documents/Uni/Modellbildung - Systemidentifikation/Projekt/ABS_higherDataRate/board/hspice/ep4ce22_t14_tx_out.sp                                                                                                                           ;
;     C:/Users/Johannes/Documents/Uni/Modellbildung - Systemidentifikation/Projekt/ABS_higherDataRate/board/hspice/ep4ce22_g5_cs_n_out.sp                                                                                                                          ;
;     C:/Users/Johannes/Documents/Uni/Modellbildung - Systemidentifikation/Projekt/ABS_higherDataRate/board/hspice/ep4ce22_f2_sclk_out.sp                                                                                                                          ;
;     C:/Users/Johannes/Documents/Uni/Modellbildung - Systemidentifikation/Projekt/ABS_higherDataRate/board/hspice/ep4ce22_n14_pwm_out_vr_out.sp                                                                                                                   ;
;     C:/Users/Johannes/Documents/Uni/Modellbildung - Systemidentifikation/Projekt/ABS_higherDataRate/board/hspice/ep4ce22_l13_pwm_out_hr_out.sp                                                                                                                   ;
;     C:/Users/Johannes/Documents/Uni/Modellbildung - Systemidentifikation/Projekt/ABS_higherDataRate/board/hspice/ep4ce22_k16_pwm_out_vl_out.sp                                                                                                                   ;
;     C:/Users/Johannes/Documents/Uni/Modellbildung - Systemidentifikation/Projekt/ABS_higherDataRate/board/hspice/ep4ce22_j14_pwm_out_hl_out.sp                                                                                                                   ;
;     C:/Users/Johannes/Documents/Uni/Modellbildung - Systemidentifikation/Projekt/ABS_higherDataRate/board/hspice/ep4ce22_d8_debug_clock1m_out.sp                                                                                                                 ;
;     C:/Users/Johannes/Documents/Uni/Modellbildung - Systemidentifikation/Projekt/ABS_higherDataRate/board/hspice/ep4ce22_a4_debug_clock100k_out.sp                                                                                                               ;
;     C:/Users/Johannes/Documents/Uni/Modellbildung - Systemidentifikation/Projekt/ABS_higherDataRate/board/hspice/ep4ce22_a15_xaxis_7__out.sp                                                                                                                     ;
;     C:/Users/Johannes/Documents/Uni/Modellbildung - Systemidentifikation/Projekt/ABS_higherDataRate/board/hspice/ep4ce22_a13_xaxis_6__out.sp                                                                                                                     ;
;     C:/Users/Johannes/Documents/Uni/Modellbildung - Systemidentifikation/Projekt/ABS_higherDataRate/board/hspice/ep4ce22_b13_xaxis_5__out.sp                                                                                                                     ;
;     C:/Users/Johannes/Documents/Uni/Modellbildung - Systemidentifikation/Projekt/ABS_higherDataRate/board/hspice/ep4ce22_a11_xaxis_4__out.sp                                                                                                                     ;
;     C:/Users/Johannes/Documents/Uni/Modellbildung - Systemidentifikation/Projekt/ABS_higherDataRate/board/hspice/ep4ce22_d1_xaxis_3__out.sp                                                                                                                      ;
;     C:/Users/Johannes/Documents/Uni/Modellbildung - Systemidentifikation/Projekt/ABS_higherDataRate/board/hspice/ep4ce22_f3_xaxis_2__out.sp                                                                                                                      ;
;     C:/Users/Johannes/Documents/Uni/Modellbildung - Systemidentifikation/Projekt/ABS_higherDataRate/board/hspice/ep4ce22_b1_xaxis_1__out.sp                                                                                                                      ;
;     C:/Users/Johannes/Documents/Uni/Modellbildung - Systemidentifikation/Projekt/ABS_higherDataRate/board/hspice/ep4ce22_l3_xaxis_0__out.sp                                                                                                                      ;
;     C:/Users/Johannes/Documents/Uni/Modellbildung - Systemidentifikation/Projekt/ABS_higherDataRate/board/hspice/ep4ce22_f1_sdio_in.sp                                                                                                                           ;
;     C:/Users/Johannes/Documents/Uni/Modellbildung - Systemidentifikation/Projekt/ABS_higherDataRate/board/hspice/ep4ce22_f1_sdio_out.sp                                                                                                                          ;
;     C:/Users/Johannes/Documents/Uni/Modellbildung - Systemidentifikation/Projekt/ABS_higherDataRate/board/hspice/ep4ce22_e16_gsensorreset_in.sp                                                                                                                  ;
;     C:/Users/Johannes/Documents/Uni/Modellbildung - Systemidentifikation/Projekt/ABS_higherDataRate/board/hspice/ep4ce22_r8_clk_board_in.sp                                                                                                                      ;
;     C:/Users/Johannes/Documents/Uni/Modellbildung - Systemidentifikation/Projekt/ABS_higherDataRate/board/hspice/ep4ce22_l14_pwm_in_r_in.sp                                                                                                                      ;
;     C:/Users/Johannes/Documents/Uni/Modellbildung - Systemidentifikation/Projekt/ABS_higherDataRate/board/hspice/ep4ce22_m15_abs_en_global_in.sp                                                                                                                 ;
;     C:/Users/Johannes/Documents/Uni/Modellbildung - Systemidentifikation/Projekt/ABS_higherDataRate/board/hspice/ep4ce22_j16_pwm_in_l_in.sp                                                                                                                      ;
;     C:/Users/Johannes/Documents/Uni/Modellbildung - Systemidentifikation/Projekt/ABS_higherDataRate/board/hspice/ep4ce22_t13_sense_hr_in.sp                                                                                                                      ;
;     C:/Users/Johannes/Documents/Uni/Modellbildung - Systemidentifikation/Projekt/ABS_higherDataRate/board/hspice/ep4ce22_t12_sense_vr_in.sp                                                                                                                      ;
;     C:/Users/Johannes/Documents/Uni/Modellbildung - Systemidentifikation/Projekt/ABS_higherDataRate/board/hspice/ep4ce22_t15_sense_vl_in.sp                                                                                                                      ;
;     C:/Users/Johannes/Documents/Uni/Modellbildung - Systemidentifikation/Projekt/ABS_higherDataRate/board/hspice/ep4ce22_f13_sense_hl_in.sp                                                                                                                      ;
;     C:/Users/Johannes/Documents/Uni/Modellbildung - Systemidentifikation/Projekt/ABS_higherDataRate/board/hspice/ep4ce22_c1__altera_asdo_data1__in.sp                                                                                                            ;
;     C:/Users/Johannes/Documents/Uni/Modellbildung - Systemidentifikation/Projekt/ABS_higherDataRate/board/hspice/ep4ce22_d2__altera_flash_nce_ncso__in.sp                                                                                                        ;
;     C:/Users/Johannes/Documents/Uni/Modellbildung - Systemidentifikation/Projekt/ABS_higherDataRate/board/hspice/ep4ce22_h1__altera_dclk__out.sp                                                                                                                 ;
;     C:/Users/Johannes/Documents/Uni/Modellbildung - Systemidentifikation/Projekt/ABS_higherDataRate/board/hspice/ep4ce22_h2__altera_data0__in.sp                                                                                                                 ;
;     C:/Users/Johannes/Documents/Uni/Modellbildung - Systemidentifikation/Projekt/ABS_higherDataRate/board/hspice/ep4ce22_f16__altera_nceo__out.sp                                                                                                                ;
;     C:/Users/Johannes/Documents/Uni/Modellbildung - Systemidentifikation/Projekt/ABS_higherDataRate/board/hspice/lib/drive_select_vio.lib                                                                                                                        ;
;     C:/Users/Johannes/Documents/Uni/Modellbildung - Systemidentifikation/Projekt/ABS_higherDataRate/board/hspice/lib/cive_ff.inc                                                                                                                                 ;
;     C:/Users/Johannes/Documents/Uni/Modellbildung - Systemidentifikation/Projekt/ABS_higherDataRate/board/hspice/lib/cive_tt.inc                                                                                                                                 ;
;     C:/Users/Johannes/Documents/Uni/Modellbildung - Systemidentifikation/Projekt/ABS_higherDataRate/board/hspice/lib/drive_select_lvds.lib                                                                                                                       ;
;     C:/Users/Johannes/Documents/Uni/Modellbildung - Systemidentifikation/Projekt/ABS_higherDataRate/board/hspice/cir/hio_deddiff_buffer.inc                                                                                                                      ;
;     C:/Users/Johannes/Documents/Uni/Modellbildung - Systemidentifikation/Projekt/ABS_higherDataRate/board/hspice/lib/package.lib                                                                                                                                 ;
;     C:/Users/Johannes/Documents/Uni/Modellbildung - Systemidentifikation/Projekt/ABS_higherDataRate/board/hspice/cir/hio_diff_buffer.inc                                                                                                                         ;
;     C:/Users/Johannes/Documents/Uni/Modellbildung - Systemidentifikation/Projekt/ABS_higherDataRate/board/hspice/cir/hio_buffer.inc                                                                                                                              ;
;     C:/Users/Johannes/Documents/Uni/Modellbildung - Systemidentifikation/Projekt/ABS_higherDataRate/board/hspice/lib/drive_select_hio.lib                                                                                                                        ;
;     C:/Users/Johannes/Documents/Uni/Modellbildung - Systemidentifikation/Projekt/ABS_higherDataRate/board/hspice/lib/output_delay_control.lib                                                                                                                    ;
;     C:/Users/Johannes/Documents/Uni/Modellbildung - Systemidentifikation/Projekt/ABS_higherDataRate/board/hspice/lib/cive_ss.inc                                                                                                                                 ;
;     C:/Users/Johannes/Documents/Uni/Modellbildung - Systemidentifikation/Projekt/ABS_higherDataRate/board/hspice/cir/vio_diff_buffer.inc                                                                                                                         ;
;     C:/Users/Johannes/Documents/Uni/Modellbildung - Systemidentifikation/Projekt/ABS_higherDataRate/board/hspice/cir/vio_buffer.inc                                                                                                                              ;
;     C:/Users/Johannes/Documents/Uni/Modellbildung - Systemidentifikation/Projekt/ABS_higherDataRate/board/hspice/lib/slew_rate.lib                                                                                                                               ;
; Board Timing Analysis                                                                                                                                                                                                                                            ;
;     C:/Users/Johannes/Documents/Uni/Modellbildung - Systemidentifikation/Projekt/ABS_higherDataRate/timing/stamp/C:/Users/Johannes/Documents/Uni/Modellbildung - Systemidentifikation/Projekt/ABS_higherDataRate/timing/stamp//ABS_6_1200mv_85c_board_slow.mod   ;
;     C:/Users/Johannes/Documents/Uni/Modellbildung - Systemidentifikation/Projekt/ABS_higherDataRate/timing/stamp/C:/Users/Johannes/Documents/Uni/Modellbildung - Systemidentifikation/Projekt/ABS_higherDataRate/timing/stamp//ABS_6_1200mv_85c_board_slow.data  ;
;     C:/Users/Johannes/Documents/Uni/Modellbildung - Systemidentifikation/Projekt/ABS_higherDataRate/timing/stamp/C:/Users/Johannes/Documents/Uni/Modellbildung - Systemidentifikation/Projekt/ABS_higherDataRate/timing/stamp//ABS_6_1200mv_0c_board_slow.mod    ;
;     C:/Users/Johannes/Documents/Uni/Modellbildung - Systemidentifikation/Projekt/ABS_higherDataRate/timing/stamp/C:/Users/Johannes/Documents/Uni/Modellbildung - Systemidentifikation/Projekt/ABS_higherDataRate/timing/stamp//ABS_6_1200mv_0c_board_slow.data   ;
;     C:/Users/Johannes/Documents/Uni/Modellbildung - Systemidentifikation/Projekt/ABS_higherDataRate/timing/stamp/C:/Users/Johannes/Documents/Uni/Modellbildung - Systemidentifikation/Projekt/ABS_higherDataRate/timing/stamp//ABS_min_1200mv_0c_board_fast.mod  ;
;     C:/Users/Johannes/Documents/Uni/Modellbildung - Systemidentifikation/Projekt/ABS_higherDataRate/timing/stamp/C:/Users/Johannes/Documents/Uni/Modellbildung - Systemidentifikation/Projekt/ABS_higherDataRate/timing/stamp//ABS_min_1200mv_0c_board_fast.data ;
;     C:/Users/Johannes/Documents/Uni/Modellbildung - Systemidentifikation/Projekt/ABS_higherDataRate/timing/stamp/C:/Users/Johannes/Documents/Uni/Modellbildung - Systemidentifikation/Projekt/ABS_higherDataRate/timing/stamp//ABS_board.mod                     ;
;     C:/Users/Johannes/Documents/Uni/Modellbildung - Systemidentifikation/Projekt/ABS_higherDataRate/timing/stamp/C:/Users/Johannes/Documents/Uni/Modellbildung - Systemidentifikation/Projekt/ABS_higherDataRate/timing/stamp//ABS_board.data                    ;
; Board Boundary Scan                                                                                                                                                                                                                                              ;
;     C:/Users/Johannes/Documents/Uni/Modellbildung - Systemidentifikation/Projekt/ABS_higherDataRate/board/bsd/EP4CE22F17C6_pre.bsd                                                                                                                               ;
+------------------------------------------------------------------------------------------------------------------------------------------------------------------------------------------------------------------------------------------------------------------+


+-----------------------------+
; EDA Netlist Writer Messages ;
+-----------------------------+
Info: *******************************************************************
Info: Running Quartus II 64-Bit EDA Netlist Writer
    Info: Version 12.1 Build 243 01/31/2013 Service Pack 1 SJ Full Version
    Info: Processing started: Fri Feb 07 14:06:55 2014
Info: Command: quartus_eda --read_settings_files=off --write_settings_files=off ABS -c ABS
Info (204019): Generated file ABS_6_1200mv_85c_slow.vho in folder "C:/Users/Johannes/Documents/Uni/Modellbildung - Systemidentifikation/Projekt/ABS_higherDataRate/simulation/modelsim/" for EDA simulation tool
Info (204019): Generated file ABS_6_1200mv_0c_slow.vho in folder "C:/Users/Johannes/Documents/Uni/Modellbildung - Systemidentifikation/Projekt/ABS_higherDataRate/simulation/modelsim/" for EDA simulation tool
Info (204019): Generated file ABS_min_1200mv_0c_fast.vho in folder "C:/Users/Johannes/Documents/Uni/Modellbildung - Systemidentifikation/Projekt/ABS_higherDataRate/simulation/modelsim/" for EDA simulation tool
Info (204019): Generated file ABS.vho in folder "C:/Users/Johannes/Documents/Uni/Modellbildung - Systemidentifikation/Projekt/ABS_higherDataRate/simulation/modelsim/" for EDA simulation tool
Info (204019): Generated file ABS_6_1200mv_85c_vhd_slow.sdo in folder "C:/Users/Johannes/Documents/Uni/Modellbildung - Systemidentifikation/Projekt/ABS_higherDataRate/simulation/modelsim/" for EDA simulation tool
Info (204019): Generated file ABS_6_1200mv_0c_vhd_slow.sdo in folder "C:/Users/Johannes/Documents/Uni/Modellbildung - Systemidentifikation/Projekt/ABS_higherDataRate/simulation/modelsim/" for EDA simulation tool
Info (204019): Generated file ABS_min_1200mv_0c_vhd_fast.sdo in folder "C:/Users/Johannes/Documents/Uni/Modellbildung - Systemidentifikation/Projekt/ABS_higherDataRate/simulation/modelsim/" for EDA simulation tool
Info (204019): Generated file ABS_vhd.sdo in folder "C:/Users/Johannes/Documents/Uni/Modellbildung - Systemidentifikation/Projekt/ABS_higherDataRate/simulation/modelsim/" for EDA simulation tool
Info (199047): Generated files "C:/Users/Johannes/Documents/Uni/Modellbildung - Systemidentifikation/Projekt/ABS_higherDataRate/timing/stamp//ABS_6_1200mv_85c_board_slow.mod" and "C:/Users/Johannes/Documents/Uni/Modellbildung - Systemidentifikation/Projekt/ABS_higherDataRate/timing/stamp//ABS_6_1200mv_85c_board_slow.data"
Info (199047): Generated files "C:/Users/Johannes/Documents/Uni/Modellbildung - Systemidentifikation/Projekt/ABS_higherDataRate/timing/stamp//ABS_6_1200mv_0c_board_slow.mod" and "C:/Users/Johannes/Documents/Uni/Modellbildung - Systemidentifikation/Projekt/ABS_higherDataRate/timing/stamp//ABS_6_1200mv_0c_board_slow.data"
Info (199047): Generated files "C:/Users/Johannes/Documents/Uni/Modellbildung - Systemidentifikation/Projekt/ABS_higherDataRate/timing/stamp//ABS_min_1200mv_0c_board_fast.mod" and "C:/Users/Johannes/Documents/Uni/Modellbildung - Systemidentifikation/Projekt/ABS_higherDataRate/timing/stamp//ABS_min_1200mv_0c_board_fast.data"
Info (199047): Generated files "C:/Users/Johannes/Documents/Uni/Modellbildung - Systemidentifikation/Projekt/ABS_higherDataRate/timing/stamp//ABS_board.mod" and "C:/Users/Johannes/Documents/Uni/Modellbildung - Systemidentifikation/Projekt/ABS_higherDataRate/timing/stamp//ABS_board.data"
Info (199053): Generated 47 HSPICE Output files for board level analysis
    Info (199051): Generated HSPICE Output File C:/Users/Johannes/Documents/Uni/Modellbildung - Systemidentifikation/Projekt/ABS_higherDataRate/board/hspice/ep4ce22_t14_tx_out.sp for board level analysis
    Info (199051): Generated HSPICE Output File C:/Users/Johannes/Documents/Uni/Modellbildung - Systemidentifikation/Projekt/ABS_higherDataRate/board/hspice/ep4ce22_g5_cs_n_out.sp for board level analysis
    Info (199051): Generated HSPICE Output File C:/Users/Johannes/Documents/Uni/Modellbildung - Systemidentifikation/Projekt/ABS_higherDataRate/board/hspice/ep4ce22_f2_sclk_out.sp for board level analysis
    Info (199051): Generated HSPICE Output File C:/Users/Johannes/Documents/Uni/Modellbildung - Systemidentifikation/Projekt/ABS_higherDataRate/board/hspice/ep4ce22_n14_pwm_out_vr_out.sp for board level analysis
    Info (199051): Generated HSPICE Output File C:/Users/Johannes/Documents/Uni/Modellbildung - Systemidentifikation/Projekt/ABS_higherDataRate/board/hspice/ep4ce22_l13_pwm_out_hr_out.sp for board level analysis
    Info (199051): Generated HSPICE Output File C:/Users/Johannes/Documents/Uni/Modellbildung - Systemidentifikation/Projekt/ABS_higherDataRate/board/hspice/ep4ce22_k16_pwm_out_vl_out.sp for board level analysis
    Info (199051): Generated HSPICE Output File C:/Users/Johannes/Documents/Uni/Modellbildung - Systemidentifikation/Projekt/ABS_higherDataRate/board/hspice/ep4ce22_j14_pwm_out_hl_out.sp for board level analysis
    Info (199051): Generated HSPICE Output File C:/Users/Johannes/Documents/Uni/Modellbildung - Systemidentifikation/Projekt/ABS_higherDataRate/board/hspice/ep4ce22_d8_debug_clock1m_out.sp for board level analysis
    Info (199051): Generated HSPICE Output File C:/Users/Johannes/Documents/Uni/Modellbildung - Systemidentifikation/Projekt/ABS_higherDataRate/board/hspice/ep4ce22_a4_debug_clock100k_out.sp for board level analysis
    Info (199051): Generated HSPICE Output File C:/Users/Johannes/Documents/Uni/Modellbildung - Systemidentifikation/Projekt/ABS_higherDataRate/board/hspice/ep4ce22_a15_xaxis_7__out.sp for board level analysis
    Info (199051): Generated HSPICE Output File C:/Users/Johannes/Documents/Uni/Modellbildung - Systemidentifikation/Projekt/ABS_higherDataRate/board/hspice/ep4ce22_a13_xaxis_6__out.sp for board level analysis
    Info (199051): Generated HSPICE Output File C:/Users/Johannes/Documents/Uni/Modellbildung - Systemidentifikation/Projekt/ABS_higherDataRate/board/hspice/ep4ce22_b13_xaxis_5__out.sp for board level analysis
    Info (199051): Generated HSPICE Output File C:/Users/Johannes/Documents/Uni/Modellbildung - Systemidentifikation/Projekt/ABS_higherDataRate/board/hspice/ep4ce22_a11_xaxis_4__out.sp for board level analysis
    Info (199051): Generated HSPICE Output File C:/Users/Johannes/Documents/Uni/Modellbildung - Systemidentifikation/Projekt/ABS_higherDataRate/board/hspice/ep4ce22_d1_xaxis_3__out.sp for board level analysis
    Info (199051): Generated HSPICE Output File C:/Users/Johannes/Documents/Uni/Modellbildung - Systemidentifikation/Projekt/ABS_higherDataRate/board/hspice/ep4ce22_f3_xaxis_2__out.sp for board level analysis
    Info (199051): Generated HSPICE Output File C:/Users/Johannes/Documents/Uni/Modellbildung - Systemidentifikation/Projekt/ABS_higherDataRate/board/hspice/ep4ce22_b1_xaxis_1__out.sp for board level analysis
    Info (199051): Generated HSPICE Output File C:/Users/Johannes/Documents/Uni/Modellbildung - Systemidentifikation/Projekt/ABS_higherDataRate/board/hspice/ep4ce22_l3_xaxis_0__out.sp for board level analysis
    Info (199051): Generated HSPICE Output File C:/Users/Johannes/Documents/Uni/Modellbildung - Systemidentifikation/Projekt/ABS_higherDataRate/board/hspice/ep4ce22_f1_sdio_in.sp for board level analysis
    Info (199051): Generated HSPICE Output File C:/Users/Johannes/Documents/Uni/Modellbildung - Systemidentifikation/Projekt/ABS_higherDataRate/board/hspice/ep4ce22_f1_sdio_out.sp for board level analysis
    Info (199051): Generated HSPICE Output File C:/Users/Johannes/Documents/Uni/Modellbildung - Systemidentifikation/Projekt/ABS_higherDataRate/board/hspice/ep4ce22_e16_gsensorreset_in.sp for board level analysis
    Info (199051): Generated HSPICE Output File C:/Users/Johannes/Documents/Uni/Modellbildung - Systemidentifikation/Projekt/ABS_higherDataRate/board/hspice/ep4ce22_r8_clk_board_in.sp for board level analysis
    Info (199051): Generated HSPICE Output File C:/Users/Johannes/Documents/Uni/Modellbildung - Systemidentifikation/Projekt/ABS_higherDataRate/board/hspice/ep4ce22_l14_pwm_in_r_in.sp for board level analysis
    Info (199051): Generated HSPICE Output File C:/Users/Johannes/Documents/Uni/Modellbildung - Systemidentifikation/Projekt/ABS_higherDataRate/board/hspice/ep4ce22_m15_abs_en_global_in.sp for board level analysis
    Info (199051): Generated HSPICE Output File C:/Users/Johannes/Documents/Uni/Modellbildung - Systemidentifikation/Projekt/ABS_higherDataRate/board/hspice/ep4ce22_j16_pwm_in_l_in.sp for board level analysis
    Info (199051): Generated HSPICE Output File C:/Users/Johannes/Documents/Uni/Modellbildung - Systemidentifikation/Projekt/ABS_higherDataRate/board/hspice/ep4ce22_t13_sense_hr_in.sp for board level analysis
    Info (199051): Generated HSPICE Output File C:/Users/Johannes/Documents/Uni/Modellbildung - Systemidentifikation/Projekt/ABS_higherDataRate/board/hspice/ep4ce22_t12_sense_vr_in.sp for board level analysis
    Info (199051): Generated HSPICE Output File C:/Users/Johannes/Documents/Uni/Modellbildung - Systemidentifikation/Projekt/ABS_higherDataRate/board/hspice/ep4ce22_t15_sense_vl_in.sp for board level analysis
    Info (199051): Generated HSPICE Output File C:/Users/Johannes/Documents/Uni/Modellbildung - Systemidentifikation/Projekt/ABS_higherDataRate/board/hspice/ep4ce22_f13_sense_hl_in.sp for board level analysis
    Info (199051): Generated HSPICE Output File C:/Users/Johannes/Documents/Uni/Modellbildung - Systemidentifikation/Projekt/ABS_higherDataRate/board/hspice/ep4ce22_c1__altera_asdo_data1__in.sp for board level analysis
    Info (199051): Generated HSPICE Output File C:/Users/Johannes/Documents/Uni/Modellbildung - Systemidentifikation/Projekt/ABS_higherDataRate/board/hspice/ep4ce22_d2__altera_flash_nce_ncso__in.sp for board level analysis
    Info (199051): Generated HSPICE Output File C:/Users/Johannes/Documents/Uni/Modellbildung - Systemidentifikation/Projekt/ABS_higherDataRate/board/hspice/ep4ce22_h1__altera_dclk__out.sp for board level analysis
    Info (199051): Generated HSPICE Output File C:/Users/Johannes/Documents/Uni/Modellbildung - Systemidentifikation/Projekt/ABS_higherDataRate/board/hspice/ep4ce22_h2__altera_data0__in.sp for board level analysis
    Info (199051): Generated HSPICE Output File C:/Users/Johannes/Documents/Uni/Modellbildung - Systemidentifikation/Projekt/ABS_higherDataRate/board/hspice/ep4ce22_f16__altera_nceo__out.sp for board level analysis
    Info (199051): Generated HSPICE Output File C:/Users/Johannes/Documents/Uni/Modellbildung - Systemidentifikation/Projekt/ABS_higherDataRate/board/hspice/lib/drive_select_vio.lib for board level analysis
    Info (199051): Generated HSPICE Output File C:/Users/Johannes/Documents/Uni/Modellbildung - Systemidentifikation/Projekt/ABS_higherDataRate/board/hspice/lib/cive_ff.inc for board level analysis
    Info (199051): Generated HSPICE Output File C:/Users/Johannes/Documents/Uni/Modellbildung - Systemidentifikation/Projekt/ABS_higherDataRate/board/hspice/lib/cive_tt.inc for board level analysis
    Info (199051): Generated HSPICE Output File C:/Users/Johannes/Documents/Uni/Modellbildung - Systemidentifikation/Projekt/ABS_higherDataRate/board/hspice/lib/drive_select_lvds.lib for board level analysis
    Info (199051): Generated HSPICE Output File C:/Users/Johannes/Documents/Uni/Modellbildung - Systemidentifikation/Projekt/ABS_higherDataRate/board/hspice/cir/hio_deddiff_buffer.inc for board level analysis
    Info (199051): Generated HSPICE Output File C:/Users/Johannes/Documents/Uni/Modellbildung - Systemidentifikation/Projekt/ABS_higherDataRate/board/hspice/lib/package.lib for board level analysis
    Info (199051): Generated HSPICE Output File C:/Users/Johannes/Documents/Uni/Modellbildung - Systemidentifikation/Projekt/ABS_higherDataRate/board/hspice/cir/hio_diff_buffer.inc for board level analysis
    Info (199051): Generated HSPICE Output File C:/Users/Johannes/Documents/Uni/Modellbildung - Systemidentifikation/Projekt/ABS_higherDataRate/board/hspice/cir/hio_buffer.inc for board level analysis
    Info (199051): Generated HSPICE Output File C:/Users/Johannes/Documents/Uni/Modellbildung - Systemidentifikation/Projekt/ABS_higherDataRate/board/hspice/lib/drive_select_hio.lib for board level analysis
    Info (199051): Generated HSPICE Output File C:/Users/Johannes/Documents/Uni/Modellbildung - Systemidentifikation/Projekt/ABS_higherDataRate/board/hspice/lib/output_delay_control.lib for board level analysis
    Info (199051): Generated HSPICE Output File C:/Users/Johannes/Documents/Uni/Modellbildung - Systemidentifikation/Projekt/ABS_higherDataRate/board/hspice/lib/cive_ss.inc for board level analysis
    Info (199051): Generated HSPICE Output File C:/Users/Johannes/Documents/Uni/Modellbildung - Systemidentifikation/Projekt/ABS_higherDataRate/board/hspice/cir/vio_diff_buffer.inc for board level analysis
    Info (199051): Generated HSPICE Output File C:/Users/Johannes/Documents/Uni/Modellbildung - Systemidentifikation/Projekt/ABS_higherDataRate/board/hspice/cir/vio_buffer.inc for board level analysis
    Info (199051): Generated HSPICE Output File C:/Users/Johannes/Documents/Uni/Modellbildung - Systemidentifikation/Projekt/ABS_higherDataRate/board/hspice/lib/slew_rate.lib for board level analysis
Info: Pin Package > Pad, Total Pin Count equal to pkg Count = 256
Info: WARNING! NOT all package pins are BONDED to PAD!
Info (199065): Generated Boundary-Scan Description Language output file C:/Users/Johannes/Documents/Uni/Modellbildung - Systemidentifikation/Projekt/ABS_higherDataRate/board/bsd/EP4CE22F17C6_pre.bsd for board-level analysis
Info: Quartus II 64-Bit EDA Netlist Writer was successful. 0 errors, 0 warnings
    Info: Peak virtual memory: 426 megabytes
    Info: Processing ended: Fri Feb 07 14:07:37 2014
    Info: Elapsed time: 00:00:42
    Info: Total CPU time (on all processors): 00:00:23


