Info: Read atom netlist
Info: Directory C:/Users/Johannes/Documents/Uni/Modellbildung - Systemidentifikation/Projekt/ABS_higherDataRate/board/fpgaxchange exists --if you continue the contents of the directory may be overwritten
Info: Generating FPGA Xchange file C:/Users/Johannes/Documents/Uni/Modellbildung - Systemidentifikation/Projekt/ABS_higherDataRate/board/fpgaxchange/ABS.fx
Info: Atom 3264 (TX) has key 'output,3.3-V LVCMOS,2,Off,--,FAST,0,--,0,--,--'
Info: Atom 3266 (CS_N) has key 'output,2.5 V,Default,Series 50 Ohm without Calibration,--,FAST,0,--,0,--,--'
Info: Atom 3268 (SCLK) has key 'output,2.5 V,Default,Series 50 Ohm without Calibration,--,FAST,0,--,0,--,--'
Info: Atom 3270 (PWM_OUT_VR) has key 'output,3.3-V LVCMOS,2,Off,--,FAST,0,--,0,--,--'
Info: Atom 3272 (PWM_OUT_HR) has key 'output,3.3-V LVCMOS,2,Off,--,FAST,0,--,0,--,--'
Info: Atom 3274 (PWM_OUT_VL) has key 'output,3.3-V LVCMOS,2,Off,--,FAST,0,--,0,--,--'
Info: Atom 3276 (PWM_OUT_HL) has key 'output,3.3-V LVCMOS,2,Off,--,FAST,0,--,0,--,--'
Info: Atom 3278 (DEBUG_CLOCK1M) has key 'output,2.5 V,Default,Series 50 Ohm without Calibration,--,FAST,0,--,0,--,--'
Info: Atom 3280 (DEBUG_CLOCK100K) has key 'output,2.5 V,Default,Series 50 Ohm without Calibration,--,FAST,0,--,0,--,--'
Info: Atom 3282 (xAxis[7]) has key 'output,3.3-V LVCMOS,2,Off,--,FAST,0,--,0,--,--'
Info: Atom 3284 (xAxis[6]) has key 'output,3.3-V LVCMOS,2,Off,--,FAST,0,--,0,--,--'
Info: Atom 3286 (xAxis[5]) has key 'output,3.3-V LVCMOS,2,Off,--,FAST,0,--,0,--,--'
Info: Atom 3288 (xAxis[4]) has key 'output,3.3-V LVCMOS,2,Off,--,FAST,0,--,0,--,--'
Info: Atom 3290 (xAxis[3]) has key 'output,2.5 V,Default,Series 50 Ohm without Calibration,--,FAST,0,--,0,--,--'
Info: Atom 3292 (xAxis[2]) has key 'output,2.5 V,Default,Series 50 Ohm without Calibration,--,FAST,0,--,0,--,--'
Info: Atom 3294 (xAxis[1]) has key 'output,2.5 V,Default,Series 50 Ohm without Calibration,--,FAST,0,--,0,--,--'
Info: Atom 3296 (xAxis[0]) has key 'output,2.5 V,Default,Series 50 Ohm without Calibration,--,FAST,0,--,0,--,--'
Info: Atom 3297 (SDIO) has key 'bidir,2.5 V,Default,Series 50 Ohm without Calibration,Off,FAST,0,--,0,--,--'
Info: Atom 3300 (gSensorReset) has key 'input,2.5 V,--,--,Off,--,0,--,0,--,--'
Info: Atom 3302 (clk_board) has key 'input,3.3-V LVCMOS,--,--,Off,--,0,--,0,--,--'
Info: Atom 3304 (PWM_IN_R) has key 'input,3.3-V LVCMOS,--,--,Off,--,0,--,0,--,--'
Info: Atom 3306 (ABS_EN_GLOBAL) has key 'input,3.3-V LVTTL,--,--,Off,--,0,--,0,--,--'
Info: Atom 3308 (PWM_IN_L) has key 'input,3.3-V LVCMOS,--,--,Off,--,0,--,0,--,--'
Info: Atom 3310 (SENSE_HR) has key 'input,3.3-V LVCMOS,--,--,Off,--,0,--,0,--,--'
Info: Atom 3312 (SENSE_VR) has key 'input,3.3-V LVCMOS,--,--,Off,--,0,--,0,--,--'
Info: Atom 3314 (SENSE_VL) has key 'input,3.3-V LVCMOS,--,--,Off,--,0,--,0,--,--'
Info: Atom 3316 (SENSE_HL) has key 'input,3.3-V LVCMOS,--,--,Off,--,0,--,0,--,--'
Info: FPGA Xchange file C:/Users/Johannes/Documents/Uni/Modellbildung - Systemidentifikation/Projekt/ABS_higherDataRate/board/fpgaxchange/ABS.fx generated successfully
